This file contains any messages produced by compilers while
running configure, to aid debugging if configure makes a mistake.

It was created by configure, which was
generated by GNU Autoconf 2.60.  Invocation command line was

  $ ./configure --with-GL=/home/team02/phipo/extra/Mesa

## --------- ##
## Platform. ##
## --------- ##

hostname = padev013
uname -m = sun4u
uname -r = 5.8
uname -s = SunOS
uname -v = Generic_117350-11

/usr/bin/uname -p = sparc
/bin/uname -X     = System = SunOS
Node = padev013
Release = 5.8
KernelID = Generic_117350-11
Machine = sun4u
BusType = <unknown>
Serial = <unknown>
Users = <unknown>
OEM# = 0
Origin# = 1
NumCPU = 1

/bin/arch              = sun4
/usr/bin/arch -k       = sun4u
/usr/convex/getsysinfo = unknown
/usr/bin/hostinfo      = unknown
/bin/machine           = unknown
/usr/bin/oslevel       = unknown
/bin/universe          = unknown

PATH: .
PATH: /home/team02/phipo/scripts
PATH: /home/team02/phipo/bin
PATH: /home/team02/phipo/DEV/java/jdk1.6.0_06/bin
PATH: /home/team02/phipo/DEV/java/jdk1.6.0_06/forte4j/bin
PATH: /home/team02/phipo/DEV/java/aspectj1.5/bin
PATH: /tools/public8/pure/releases/PurifyPlus.2003a.06.15/sun4_solaris2/bin
PATH: /tools/public/SunStudio-11/SUNWspro/bin
PATH: /tools/sybase/sybase_12_5_1_32bits/bin
PATH: /tools/private/gnu/gcc-3.4.0/bin
PATH: /home/team02/phipo/scripts
PATH: /home/team02/phipo/bin
PATH: /tools/private/gnu/gcc-3.4.0/bin
PATH: /usr/openwin/bin
PATH: /bin
PATH: /usr/bin
PATH: /usr/etc
PATH: /usr/ucb
PATH: /opt/FSFbash/bin
PATH: /disk01/misc/bin
PATH: /usr/openwin/bin/xview
PATH: /usr/sbin
PATH: /etc/init.d
PATH: /usr/ucb
PATH: /usr/ccs/bin
PATH: /usr/proc/bin
PATH: /opt/SUNWconn/bin
PATH: /home/team02/phipo/local/bin.SunOS
PATH: /home/team02/common02/bin.5.8
PATH: /tools/private/gnu/bin
PATH: /tools/sybase/sybase_12_5_1_32bits/bin
PATH: /home/team02/phipo/DEV/3d/CMake/bin
PATH: /home/team02/phipo/DEV/3d/OpenSceneGraph/bin


## ----------- ##
## Core tests. ##
## ----------- ##

configure:1832: checking for a BSD-compatible install
configure:1888: result: ./install-sh -c
configure:1899: checking whether build environment is sane
configure:1942: result: yes
configure:2007: checking for gawk
configure:2023: found /disk01/misc/bin/gawk
configure:2034: result: gawk
configure:2045: checking whether make sets $(MAKE)
configure:2066: result: yes
configure:2316: checking for gcc
configure:2332: found /tools/private/gnu/gcc-3.4.0/bin/gcc
configure:2343: result: gcc
configure:2581: checking for C compiler version
configure:2588: gcc --version >&5
gcc (GCC) 3.4.0
Copyright (C) 2004 Free Software Foundation, Inc.
This is free software; see the source for copying conditions.  There is NO
warranty; not even for MERCHANTABILITY or FITNESS FOR A PARTICULAR PURPOSE.

configure:2591: $? = 0
configure:2598: gcc -v >&5
Reading specs from /tools/private/gnu/gcc-3.4.0/lib/gcc/sparc-sun-solaris2.8/3.4.0/specs
Configured with: ../gcc-3.4.0/configure --prefix=/tools/private/gnu/gcc-3.4.0 --enable-shared --enable-threads --enable-threads=posix --enable-languages=c,c++
Thread model: posix
gcc version 3.4.0
configure:2601: $? = 0
configure:2608: gcc -V >&5
gcc: `-V' option must have argument
configure:2611: $? = 1
configure:2634: checking for C compiler default output file name
configure:2661: gcc    conftest.c  >&5
configure:2664: $? = 0
configure:2710: result: a.out
configure:2715: checking whether the C compiler works
configure:2725: ./a.out
configure:2728: $? = 0
configure:2745: result: yes
configure:2752: checking whether we are cross compiling
configure:2754: result: no
configure:2757: checking for suffix of executables
configure:2764: gcc -o conftest    conftest.c  >&5
configure:2767: $? = 0
configure:2791: result: 
configure:2797: checking for suffix of object files
configure:2823: gcc -c   conftest.c >&5
configure:2826: $? = 0
configure:2849: result: o
configure:2853: checking whether we are using the GNU C compiler
configure:2882: gcc -c   conftest.c >&5
configure:2888: $? = 0
configure:2895: test -z "$ac_c_werror_flag" || test ! -s conftest.err
configure:2898: $? = 0
configure:2905: test -s conftest.o
configure:2908: $? = 0
configure:2922: result: yes
configure:2927: checking whether gcc accepts -g
configure:2957: gcc -c -g  conftest.c >&5
configure:2963: $? = 0
configure:2970: test -z "$ac_c_werror_flag" || test ! -s conftest.err
configure:2973: $? = 0
configure:2980: test -s conftest.o
configure:2983: $? = 0
configure:3113: result: yes
configure:3130: checking for gcc option to accept ISO C89
configure:3204: gcc  -c -g -O2  conftest.c >&5
configure:3210: $? = 0
configure:3217: test -z "$ac_c_werror_flag" || test ! -s conftest.err
configure:3220: $? = 0
configure:3227: test -s conftest.o
configure:3230: $? = 0
configure:3250: result: none needed
configure:3279: checking for style of include used by make
configure:3307: result: GNU
configure:3335: checking dependency style of gcc
configure:3425: result: gcc3
configure:3447: checking how to run the C preprocessor
configure:3487: gcc -E  conftest.c
configure:3493: $? = 0
configure:3531: gcc -E  conftest.c
conftest.c:10:28: ac_nonexistent.h: No such file or directory
configure:3537: $? = 1
configure: failed program was:
| /* confdefs.h.  */
| #define PACKAGE_NAME ""
| #define PACKAGE_TARNAME ""
| #define PACKAGE_VERSION ""
| #define PACKAGE_STRING ""
| #define PACKAGE_BUGREPORT ""
| #define PACKAGE "plib"
| #define VERSION "1.8.5"
| /* end confdefs.h.  */
| #include <ac_nonexistent.h>
configure:3577: result: gcc -E
configure:3606: gcc -E  conftest.c
configure:3612: $? = 0
configure:3650: gcc -E  conftest.c
conftest.c:10:28: ac_nonexistent.h: No such file or directory
configure:3656: $? = 1
configure: failed program was:
| /* confdefs.h.  */
| #define PACKAGE_NAME ""
| #define PACKAGE_TARNAME ""
| #define PACKAGE_VERSION ""
| #define PACKAGE_STRING ""
| #define PACKAGE_BUGREPORT ""
| #define PACKAGE "plib"
| #define VERSION "1.8.5"
| /* end confdefs.h.  */
| #include <ac_nonexistent.h>
configure:3758: checking for g++
configure:3774: found /tools/private/gnu/gcc-3.4.0/bin/g++
configure:3785: result: g++
configure:3816: checking for C++ compiler version
configure:3823: g++ --version >&5
g++ (GCC) 3.4.0
Copyright (C) 2004 Free Software Foundation, Inc.
This is free software; see the source for copying conditions.  There is NO
warranty; not even for MERCHANTABILITY or FITNESS FOR A PARTICULAR PURPOSE.

configure:3826: $? = 0
configure:3833: g++ -v >&5
Reading specs from /tools/private/gnu/gcc-3.4.0/lib/gcc/sparc-sun-solaris2.8/3.4.0/specs
Configured with: ../gcc-3.4.0/configure --prefix=/tools/private/gnu/gcc-3.4.0 --enable-shared --enable-threads --enable-threads=posix --enable-languages=c,c++
Thread model: posix
gcc version 3.4.0
configure:3836: $? = 0
configure:3843: g++ -V >&5
g++: `-V' option must have argument
configure:3846: $? = 1
configure:3849: checking whether we are using the GNU C++ compiler
configure:3878: g++ -c   conftest.cpp >&5
configure:3884: $? = 0
configure:3891: test -z "$ac_cxx_werror_flag" || test ! -s conftest.err
configure:3894: $? = 0
configure:3901: test -s conftest.o
configure:3904: $? = 0
configure:3918: result: yes
configure:3923: checking whether g++ accepts -g
configure:3953: g++ -c -g  conftest.cpp >&5
configure:3959: $? = 0
configure:3966: test -z "$ac_cxx_werror_flag" || test ! -s conftest.err
configure:3969: $? = 0
configure:3976: test -s conftest.o
configure:3979: $? = 0
configure:4109: result: yes
configure:4134: checking dependency style of g++
configure:4224: result: gcc3
configure:4246: checking how to run the C++ preprocessor
configure:4282: g++ -E  conftest.cpp
configure:4288: $? = 0
configure:4326: g++ -E  conftest.cpp
conftest.cpp:10:28: ac_nonexistent.h: No such file or directory
configure:4332: $? = 1
configure: failed program was:
| /* confdefs.h.  */
| #define PACKAGE_NAME ""
| #define PACKAGE_TARNAME ""
| #define PACKAGE_VERSION ""
| #define PACKAGE_STRING ""
| #define PACKAGE_BUGREPORT ""
| #define PACKAGE "plib"
| #define VERSION "1.8.5"
| /* end confdefs.h.  */
| #include <ac_nonexistent.h>
configure:4372: result: g++ -E
configure:4401: g++ -E  conftest.cpp
configure:4407: $? = 0
configure:4445: g++ -E  conftest.cpp
conftest.cpp:10:28: ac_nonexistent.h: No such file or directory
configure:4451: $? = 1
configure: failed program was:
| /* confdefs.h.  */
| #define PACKAGE_NAME ""
| #define PACKAGE_TARNAME ""
| #define PACKAGE_VERSION ""
| #define PACKAGE_STRING ""
| #define PACKAGE_BUGREPORT ""
| #define PACKAGE "plib"
| #define VERSION "1.8.5"
| /* end confdefs.h.  */
| #include <ac_nonexistent.h>
configure:4508: checking for a BSD-compatible install
configure:4564: result: ./install-sh -c
configure:4618: checking for ranlib
configure:4634: found /tools/private/gnu/gcc-3.4.0/bin/ranlib
configure:4645: result: ranlib
configure:5059: checking build system type
configure:5077: result: sparc-sun-solaris2.8
configure:5099: checking host system type
configure:5114: result: sparc-sun-solaris2.8
configure:5159: checking for X
configure:5417: result: libraries /usr/openwin/lib, headers /usr/openwin/include
configure:5441: checking whether -R must be followed by a space
configure:5465: gcc -o conftest -g -O2  -I/home/team02/phipo/extra/Mesa/include  -L/home/team02/phipo/extra/Mesa/lib conftest.c  -R/usr/openwin/lib >&5
configure:5471: $? = 0
configure:5478: test -z "$ac_c_werror_flag" || test ! -s conftest.err
configure:5481: $? = 0
configure:5488: test -s conftest
configure:5491: $? = 0
configure:5504: result: no
configure:5620: gcc -o conftest -g -O2  -I/home/team02/phipo/extra/Mesa/include  -L/home/team02/phipo/extra/Mesa/lib conftest.c   -L/usr/openwin/lib -R/usr/openwin/lib -lX11 >&5
configure:5626: $? = 0
configure:5633: test -z "$ac_c_werror_flag" || test ! -s conftest.err
configure:5636: $? = 0
configure:5643: test -s conftest
configure:5646: $? = 0
configure:5831: checking for gethostbyname
configure:5887: gcc -o conftest -g -O2  -I/home/team02/phipo/extra/Mesa/include  -L/home/team02/phipo/extra/Mesa/lib conftest.c  >&5
Undefined			first referenced
 symbol  			    in file
gethostbyname                       /var/tmp//cccBATSk.o
ld: fatal: Symbol referencing errors. No output written to conftest
collect2: ld returned 1 exit status
configure:5893: $? = 1
configure: failed program was:
| /* confdefs.h.  */
| #define PACKAGE_NAME ""
| #define PACKAGE_TARNAME ""
| #define PACKAGE_VERSION ""
| #define PACKAGE_STRING ""
| #define PACKAGE_BUGREPORT ""
| #define PACKAGE "plib"
| #define VERSION "1.8.5"
| /* end confdefs.h.  */
| /* Define gethostbyname to an innocuous variant, in case <limits.h> declares gethostbyname.
|    For example, HP-UX 11i <limits.h> declares gettimeofday.  */
| #define gethostbyname innocuous_gethostbyname
| 
| /* System header to define __stub macros and hopefully few prototypes,
|     which can conflict with char gethostbyname (); below.
|     Prefer <limits.h> to <assert.h> if __STDC__ is defined, since
|     <limits.h> exists even on freestanding compilers.  */
| 
| #ifdef __STDC__
| # include <limits.h>
| #else
| # include <assert.h>
| #endif
| 
| #undef gethostbyname
| 
| /* Override any GCC internal prototype to avoid an error.
|    Use char because int might match the return type of a GCC
|    builtin and then its argument prototype would still apply.  */
| #ifdef __cplusplus
| extern "C"
| #endif
| char gethostbyname ();
| /* The GNU C library defines this for functions which it implements
|     to always fail with ENOSYS.  Some functions are actually named
|     something starting with __ and the normal name is an alias.  */
| #if defined __stub_gethostbyname || defined __stub___gethostbyname
| choke me
| #endif
| 
| int
| main ()
| {
| return gethostbyname ();
|   ;
|   return 0;
| }
configure:5926: result: no
configure:5930: checking for gethostbyname in -lnsl
configure:5965: gcc -o conftest -g -O2  -I/home/team02/phipo/extra/Mesa/include  -L/home/team02/phipo/extra/Mesa/lib conftest.c -lnsl   >&5
configure:5971: $? = 0
configure:5978: test -z "$ac_c_werror_flag" || test ! -s conftest.err
configure:5981: $? = 0
configure:5988: test -s conftest
configure:5991: $? = 0
configure:6005: result: yes
configure:6103: checking for connect
configure:6159: gcc -o conftest -g -O2  -I/home/team02/phipo/extra/Mesa/include  -L/home/team02/phipo/extra/Mesa/lib conftest.c  >&5
Undefined			first referenced
 symbol  			    in file
connect                             /var/tmp//cct1Q1ln.o
ld: fatal: Symbol referencing errors. No output written to conftest
collect2: ld returned 1 exit status
configure:6165: $? = 1
configure: failed program was:
| /* confdefs.h.  */
| #define PACKAGE_NAME ""
| #define PACKAGE_TARNAME ""
| #define PACKAGE_VERSION ""
| #define PACKAGE_STRING ""
| #define PACKAGE_BUGREPORT ""
| #define PACKAGE "plib"
| #define VERSION "1.8.5"
| /* end confdefs.h.  */
| /* Define connect to an innocuous variant, in case <limits.h> declares connect.
|    For example, HP-UX 11i <limits.h> declares gettimeofday.  */
| #define connect innocuous_connect
| 
| /* System header to define __stub macros and hopefully few prototypes,
|     which can conflict with char connect (); below.
|     Prefer <limits.h> to <assert.h> if __STDC__ is defined, since
|     <limits.h> exists even on freestanding compilers.  */
| 
| #ifdef __STDC__
| # include <limits.h>
| #else
| # include <assert.h>
| #endif
| 
| #undef connect
| 
| /* Override any GCC internal prototype to avoid an error.
|    Use char because int might match the return type of a GCC
|    builtin and then its argument prototype would still apply.  */
| #ifdef __cplusplus
| extern "C"
| #endif
| char connect ();
| /* The GNU C library defines this for functions which it implements
|     to always fail with ENOSYS.  Some functions are actually named
|     something starting with __ and the normal name is an alias.  */
| #if defined __stub_connect || defined __stub___connect
| choke me
| #endif
| 
| int
| main ()
| {
| return connect ();
|   ;
|   return 0;
| }
configure:6198: result: no
configure:6202: checking for connect in -lsocket
configure:6237: gcc -o conftest -g -O2  -I/home/team02/phipo/extra/Mesa/include  -L/home/team02/phipo/extra/Mesa/lib conftest.c -lsocket  -lnsl  >&5
configure:6243: $? = 0
configure:6250: test -z "$ac_c_werror_flag" || test ! -s conftest.err
configure:6253: $? = 0
configure:6260: test -s conftest
configure:6263: $? = 0
configure:6277: result: yes
configure:6286: checking for remove
configure:6342: gcc -o conftest -g -O2  -I/home/team02/phipo/extra/Mesa/include  -L/home/team02/phipo/extra/Mesa/lib conftest.c  >&5
configure:6348: $? = 0
configure:6355: test -z "$ac_c_werror_flag" || test ! -s conftest.err
configure:6358: $? = 0
configure:6365: test -s conftest
configure:6368: $? = 0
configure:6381: result: yes
configure:6469: checking for shmat
configure:6525: gcc -o conftest -g -O2  -I/home/team02/phipo/extra/Mesa/include  -L/home/team02/phipo/extra/Mesa/lib conftest.c  >&5
configure:6531: $? = 0
configure:6538: test -z "$ac_c_werror_flag" || test ! -s conftest.err
configure:6541: $? = 0
configure:6548: test -s conftest
configure:6551: $? = 0
configure:6564: result: yes
configure:6661: checking for IceConnectionNumber in -lICE
configure:6696: gcc -o conftest -g -O2  -I/home/team02/phipo/extra/Mesa/include  -L/home/team02/phipo/extra/Mesa/lib -L/usr/openwin/lib conftest.c -lICE -lsocket  -lnsl  >&5
configure:6702: $? = 0
configure:6709: test -z "$ac_c_werror_flag" || test ! -s conftest.err
configure:6712: $? = 0
configure:6719: test -s conftest
configure:6722: $? = 0
configure:6736: result: yes
configure:6754: checking for pthread_create in -lpthread
configure:6789: gcc -o conftest -g -O2  -I/home/team02/phipo/extra/Mesa/include  -L/home/team02/phipo/extra/Mesa/lib  -L/usr/openwin/lib -R/usr/openwin/lib conftest.c -lpthread    -lSM -lICE -lXi -lXmu -lXext -lX11 -lsocket  -lnsl -lm >&5
configure:6795: $? = 0
configure:6802: test -z "$ac_c_werror_flag" || test ! -s conftest.err
configure:6805: $? = 0
configure:6812: test -s conftest
configure:6815: $? = 0
configure:6829: result: yes
configure:6841: checking for glNewList in -lGL
configure:6876: gcc -o conftest -g -O2  -I/home/team02/phipo/extra/Mesa/include  -L/home/team02/phipo/extra/Mesa/lib  -L/usr/openwin/lib -R/usr/openwin/lib conftest.c -lGL  -lpthread   -lSM -lICE -lXi -lXmu -lXext -lX11 -lsocket  -lnsl -lm >&5
configure:6882: $? = 0
configure:6889: test -z "$ac_c_werror_flag" || test ! -s conftest.err
configure:6892: $? = 0
configure:6899: test -s conftest
configure:6902: $? = 0
configure:6916: result: yes
configure:7024: checking for dlclose in -ldl
configure:7059: gcc -o conftest -g -O2  -I/home/team02/phipo/extra/Mesa/include  -L/home/team02/phipo/extra/Mesa/lib  -L/usr/openwin/lib -R/usr/openwin/lib conftest.c -ldl  -lGL -lpthread   -lSM -lICE -lXi -lXmu -lXext -lX11 -lsocket  -lnsl -lm >&5
configure:7065: $? = 0
configure:7072: test -z "$ac_c_werror_flag" || test ! -s conftest.err
configure:7075: $? = 0
configure:7082: test -s conftest
configure:7085: $? = 0
configure:7099: result: yes
configure:7112: checking for ALopenport in -laudio
configure:7147: gcc -o conftest -g -O2  -I/home/team02/phipo/extra/Mesa/include  -L/home/team02/phipo/extra/Mesa/lib  -L/usr/openwin/lib -R/usr/openwin/lib conftest.c -laudio  -ldl -lGL -lpthread   -lSM -lICE -lXi -lXmu -lXext -lX11 -lsocket  -lnsl -lm >&5
ld: fatal: library -laudio: not found
ld: fatal: File processing errors. No output written to conftest
collect2: ld returned 1 exit status
configure:7153: $? = 1
configure: failed program was:
| /* confdefs.h.  */
| #define PACKAGE_NAME ""
| #define PACKAGE_TARNAME ""
| #define PACKAGE_VERSION ""
| #define PACKAGE_STRING ""
| #define PACKAGE_BUGREPORT ""
| #define PACKAGE "plib"
| #define VERSION "1.8.5"
| #define HAVE_LIBPTHREAD 1
| #define HAVE_LIBGL 1
| #define HAVE_LIBDL 1
| /* end confdefs.h.  */
| 
| /* Override any GCC internal prototype to avoid an error.
|    Use char because int might match the return type of a GCC
|    builtin and then its argument prototype would still apply.  */
| #ifdef __cplusplus
| extern "C"
| #endif
| char ALopenport ();
| int
| main ()
| {
| return ALopenport ();
|   ;
|   return 0;
| }
configure:7187: result: no
configure:7203: checking for grep that handles long lines and -e
configure:7277: result: /disk01/misc/bin/grep
configure:7282: checking for egrep
configure:7360: result: /disk01/misc/bin/grep -E
configure:7365: checking for ANSI C header files
configure:7395: gcc -c -g -O2  -I/home/team02/phipo/extra/Mesa/include conftest.c >&5
configure:7401: $? = 0
configure:7408: test -z "$ac_c_werror_flag" || test ! -s conftest.err
configure:7411: $? = 0
configure:7418: test -s conftest.o
configure:7421: $? = 0
configure:7514: gcc -o conftest -g -O2  -I/home/team02/phipo/extra/Mesa/include  -L/home/team02/phipo/extra/Mesa/lib  -L/usr/openwin/lib -R/usr/openwin/lib conftest.c -ldl -lGL -lpthread   -lSM -lICE -lXi -lXmu -lXext -lX11 -lsocket  -lnsl -lm >&5
configure:7517: $? = 0
configure:7523: ./conftest
ld.so.1: ./conftest: fatal: libGL.so: open failed: No such file or directory
./configure: line 1:  7747 Killed                  ./conftest$ac_exeext
configure:7526: $? = 137
configure: program exited with status 137
configure: failed program was:
| /* confdefs.h.  */
| #define PACKAGE_NAME ""
| #define PACKAGE_TARNAME ""
| #define PACKAGE_VERSION ""
| #define PACKAGE_STRING ""
| #define PACKAGE_BUGREPORT ""
| #define PACKAGE "plib"
| #define VERSION "1.8.5"
| #define HAVE_LIBPTHREAD 1
| #define HAVE_LIBGL 1
| #define HAVE_LIBDL 1
| /* end confdefs.h.  */
| #include <ctype.h>
| #include <stdlib.h>
| #if ((' ' & 0x0FF) == 0x020)
| # define ISLOWER(c) ('a' <= (c) && (c) <= 'z')
| # define TOUPPER(c) (ISLOWER(c) ? 'A' + ((c) - 'a') : (c))
| #else
| # define ISLOWER(c) 		   (('a' <= (c) && (c) <= 'i') 		     || ('j' <= (c) && (c) <= 'r') 		     || ('s' <= (c) && (c) <= 'z'))
| # define TOUPPER(c) (ISLOWER(c) ? ((c) | 0x40) : (c))
| #endif
| 
| #define XOR(e, f) (((e) && !(f)) || (!(e) && (f)))
| int
| main ()
| {
|   int i;
|   for (i = 0; i < 256; i++)
|     if (XOR (islower (i), ISLOWER (i))
| 	|| toupper (i) != TOUPPER (i))
|       return 2;
|   return 0;
| }
configure:7543: result: no
configure:7568: checking for sys/types.h
configure:7589: gcc -c -g -O2  -I/home/team02/phipo/extra/Mesa/include conftest.c >&5
configure:7595: $? = 0
configure:7602: test -z "$ac_c_werror_flag" || test ! -s conftest.err
configure:7605: $? = 0
configure:7612: test -s conftest.o
configure:7615: $? = 0
configure:7628: result: yes
configure:7568: checking for sys/stat.h
configure:7589: gcc -c -g -O2  -I/home/team02/phipo/extra/Mesa/include conftest.c >&5
configure:7595: $? = 0
configure:7602: test -z "$ac_c_werror_flag" || test ! -s conftest.err
configure:7605: $? = 0
configure:7612: test -s conftest.o
configure:7615: $? = 0
configure:7628: result: yes
configure:7568: checking for stdlib.h
configure:7589: gcc -c -g -O2  -I/home/team02/phipo/extra/Mesa/include conftest.c >&5
configure:7595: $? = 0
configure:7602: test -z "$ac_c_werror_flag" || test ! -s conftest.err
configure:7605: $? = 0
configure:7612: test -s conftest.o
configure:7615: $? = 0
configure:7628: result: yes
configure:7568: checking for string.h
configure:7589: gcc -c -g -O2  -I/home/team02/phipo/extra/Mesa/include conftest.c >&5
configure:7595: $? = 0
configure:7602: test -z "$ac_c_werror_flag" || test ! -s conftest.err
configure:7605: $? = 0
configure:7612: test -s conftest.o
configure:7615: $? = 0
configure:7628: result: yes
configure:7568: checking for memory.h
configure:7589: gcc -c -g -O2  -I/home/team02/phipo/extra/Mesa/include conftest.c >&5
configure:7595: $? = 0
configure:7602: test -z "$ac_c_werror_flag" || test ! -s conftest.err
configure:7605: $? = 0
configure:7612: test -s conftest.o
configure:7615: $? = 0
configure:7628: result: yes
configure:7568: checking for strings.h
configure:7589: gcc -c -g -O2  -I/home/team02/phipo/extra/Mesa/include conftest.c >&5
configure:7595: $? = 0
configure:7602: test -z "$ac_c_werror_flag" || test ! -s conftest.err
configure:7605: $? = 0
configure:7612: test -s conftest.o
configure:7615: $? = 0
configure:7628: result: yes
configure:7568: checking for inttypes.h
configure:7589: gcc -c -g -O2  -I/home/team02/phipo/extra/Mesa/include conftest.c >&5
configure:7595: $? = 0
configure:7602: test -z "$ac_c_werror_flag" || test ! -s conftest.err
configure:7605: $? = 0
configure:7612: test -s conftest.o
configure:7615: $? = 0
configure:7628: result: yes
configure:7568: checking for stdint.h
configure:7589: gcc -c -g -O2  -I/home/team02/phipo/extra/Mesa/include conftest.c >&5
conftest.c:54:20: stdint.h: No such file or directory
configure:7595: $? = 1
configure: failed program was:
| /* confdefs.h.  */
| #define PACKAGE_NAME ""
| #define PACKAGE_TARNAME ""
| #define PACKAGE_VERSION ""
| #define PACKAGE_STRING ""
| #define PACKAGE_BUGREPORT ""
| #define PACKAGE "plib"
| #define VERSION "1.8.5"
| #define HAVE_LIBPTHREAD 1
| #define HAVE_LIBGL 1
| #define HAVE_LIBDL 1
| #define HAVE_SYS_TYPES_H 1
| #define HAVE_SYS_STAT_H 1
| #define HAVE_STDLIB_H 1
| #define HAVE_STRING_H 1
| #define HAVE_MEMORY_H 1
| #define HAVE_STRINGS_H 1
| #define HAVE_INTTYPES_H 1
| /* end confdefs.h.  */
| #include <stdio.h>
| #if HAVE_SYS_TYPES_H
| # include <sys/types.h>
| #endif
| #if HAVE_SYS_STAT_H
| # include <sys/stat.h>
| #endif
| #if STDC_HEADERS
| # include <stdlib.h>
| # include <stddef.h>
| #else
| # if HAVE_STDLIB_H
| #  include <stdlib.h>
| # endif
| #endif
| #if HAVE_STRING_H
| # if !STDC_HEADERS && HAVE_MEMORY_H
| #  include <memory.h>
| # endif
| # include <string.h>
| #endif
| #if HAVE_STRINGS_H
| # include <strings.h>
| #endif
| #if HAVE_INTTYPES_H
| # include <inttypes.h>
| #endif
| #if HAVE_STDINT_H
| # include <stdint.h>
| #endif
| #if HAVE_UNISTD_H
| # include <unistd.h>
| #endif
| 
| #include <stdint.h>
configure:7628: result: no
configure:7568: checking for unistd.h
configure:7589: gcc -c -g -O2  -I/home/team02/phipo/extra/Mesa/include conftest.c >&5
configure:7595: $? = 0
configure:7602: test -z "$ac_c_werror_flag" || test ! -s conftest.err
configure:7605: $? = 0
configure:7612: test -s conftest.o
configure:7615: $? = 0
configure:7628: result: yes
configure:7650: checking windows.h usability
configure:7667: gcc -c -g -O2  -I/home/team02/phipo/extra/Mesa/include conftest.c >&5
conftest.c:54:21: windows.h: No such file or directory
configure:7673: $? = 1
configure: failed program was:
| /* confdefs.h.  */
| #define PACKAGE_NAME ""
| #define PACKAGE_TARNAME ""
| #define PACKAGE_VERSION ""
| #define PACKAGE_STRING ""
| #define PACKAGE_BUGREPORT ""
| #define PACKAGE "plib"
| #define VERSION "1.8.5"
| #define HAVE_LIBPTHREAD 1
| #define HAVE_LIBGL 1
| #define HAVE_LIBDL 1
| #define HAVE_SYS_TYPES_H 1
| #define HAVE_SYS_STAT_H 1
| #define HAVE_STDLIB_H 1
| #define HAVE_STRING_H 1
| #define HAVE_MEMORY_H 1
| #define HAVE_STRINGS_H 1
| #define HAVE_INTTYPES_H 1
| #define HAVE_UNISTD_H 1
| /* end confdefs.h.  */
| #include <stdio.h>
| #if HAVE_SYS_TYPES_H
| # include <sys/types.h>
| #endif
| #if HAVE_SYS_STAT_H
| # include <sys/stat.h>
| #endif
| #if STDC_HEADERS
| # include <stdlib.h>
| # include <stddef.h>
| #else
| # if HAVE_STDLIB_H
| #  include <stdlib.h>
| # endif
| #endif
| #if HAVE_STRING_H
| # if !STDC_HEADERS && HAVE_MEMORY_H
| #  include <memory.h>
| # endif
| # include <string.h>
| #endif
| #if HAVE_STRINGS_H
| # include <strings.h>
| #endif
| #if HAVE_INTTYPES_H
| # include <inttypes.h>
| #endif
| #if HAVE_STDINT_H
| # include <stdint.h>
| #endif
| #if HAVE_UNISTD_H
| # include <unistd.h>
| #endif
| #include <windows.h>
configure:7704: result: no
configure:7708: checking windows.h presence
configure:7723: gcc -E  -I/home/team02/phipo/extra/Mesa/include conftest.c
conftest.c:21:21: windows.h: No such file or directory
configure:7729: $? = 1
configure: failed program was:
| /* confdefs.h.  */
| #define PACKAGE_NAME ""
| #define PACKAGE_TARNAME ""
| #define PACKAGE_VERSION ""
| #define PACKAGE_STRING ""
| #define PACKAGE_BUGREPORT ""
| #define PACKAGE "plib"
| #define VERSION "1.8.5"
| #define HAVE_LIBPTHREAD 1
| #define HAVE_LIBGL 1
| #define HAVE_LIBDL 1
| #define HAVE_SYS_TYPES_H 1
| #define HAVE_SYS_STAT_H 1
| #define HAVE_STDLIB_H 1
| #define HAVE_STRING_H 1
| #define HAVE_MEMORY_H 1
| #define HAVE_STRINGS_H 1
| #define HAVE_INTTYPES_H 1
| #define HAVE_UNISTD_H 1
| /* end confdefs.h.  */
| #include <windows.h>
configure:7750: result: no
configure:7778: checking for windows.h
configure:7785: result: no
configure:8134: checking GL/gl.h usability
configure:8151: gcc -c -g -O2  -I/home/team02/phipo/extra/Mesa/include conftest.c >&5
configure:8157: $? = 0
configure:8164: test -z "$ac_c_werror_flag" || test ! -s conftest.err
configure:8167: $? = 0
configure:8174: test -s conftest.o
configure:8177: $? = 0
configure:8188: result: yes
configure:8192: checking GL/gl.h presence
configure:8207: gcc -E  -I/home/team02/phipo/extra/Mesa/include conftest.c
configure:8213: $? = 0
configure:8234: result: yes
configure:8262: checking for GL/gl.h
configure:8269: result: yes
configure:8314: checking for pthread_exit in -lc_r
configure:8349: gcc -o conftest -pthread -g -O2 -Wall  -I/home/team02/phipo/extra/Mesa/include  -L/home/team02/phipo/extra/Mesa/lib  -L/usr/openwin/lib -R/usr/openwin/lib conftest.c -lc_r  -ldl -lGL -lpthread   -lSM -lICE -lXi -lXmu -lXext -lX11 -lsocket  -lnsl -lm >&5
gcc: unrecognized option `-pthread'
ld: fatal: library -lc_r: not found
ld: fatal: File processing errors. No output written to conftest
collect2: ld returned 1 exit status
configure:8355: $? = 1
configure: failed program was:
| /* confdefs.h.  */
| #define PACKAGE_NAME ""
| #define PACKAGE_TARNAME ""
| #define PACKAGE_VERSION ""
| #define PACKAGE_STRING ""
| #define PACKAGE_BUGREPORT ""
| #define PACKAGE "plib"
| #define VERSION "1.8.5"
| #define HAVE_LIBPTHREAD 1
| #define HAVE_LIBGL 1
| #define HAVE_LIBDL 1
| #define HAVE_SYS_TYPES_H 1
| #define HAVE_SYS_STAT_H 1
| #define HAVE_STDLIB_H 1
| #define HAVE_STRING_H 1
| #define HAVE_MEMORY_H 1
| #define HAVE_STRINGS_H 1
| #define HAVE_INTTYPES_H 1
| #define HAVE_UNISTD_H 1
| /* end confdefs.h.  */
| 
| /* Override any GCC internal prototype to avoid an error.
|    Use char because int might match the return type of a GCC
|    builtin and then its argument prototype would still apply.  */
| #ifdef __cplusplus
| extern "C"
| #endif
| char pthread_exit ();
| int
| main ()
| {
| return pthread_exit ();
|   ;
|   return 0;
| }
configure:8389: result: no
configure:8407: checking for socklen_t
configure:8434: gcc -c -g -O2 -Wall  -I/home/team02/phipo/extra/Mesa/include conftest.c >&5
configure:8440: $? = 0
configure:8447: test -z "$ac_c_werror_flag" || test ! -s conftest.err
configure:8450: $? = 0
configure:8457: test -s conftest.o
configure:8460: $? = 0
configure:8463: result: yes
configure:8786: creating ./config.status

## ---------------------- ##
## Running config.status. ##
## ---------------------- ##

This file was extended by config.status, which was
generated by GNU Autoconf 2.60.  Invocation command line was

  CONFIG_FILES    = 
  CONFIG_HEADERS  = 
  CONFIG_LINKS    = 
  CONFIG_COMMANDS = 
  $ ./config.status 

on padev013

config.status:664: creating Makefile
config.status:664: creating src/Makefile
config.status:664: creating src/js/Makefile
config.status:664: creating src/util/Makefile
config.status:664: creating src/sg/Makefile
config.status:664: creating src/sl/Makefile
config.status:664: creating src/psl/Makefile
config.status:664: creating src/ssg/Makefile
config.status:664: creating src/ssgAux/Makefile
config.status:664: creating src/fnt/Makefile
config.status:664: creating src/pui/Makefile
config.status:664: creating src/puAux/Makefile
config.status:664: creating src/pw/Makefile
config.status:664: creating src/net/Makefile
config.status:849: executing depfiles commands
configure:9939: result: PLIB configuration information:

  Building FNT library:     yes
  Building JS library:      yes
  Building NET library:     yes
  Building PUI library:     yes
  Building puAux library:   yes
  Building SG library:      yes
  Building PSL library:     yes
  Building SL library:      yes
  Building SSG library:     yes
  Building ssgAux library:  yes
  Building PW library:      yes
  Building UTIL library:    yes


## ---------------- ##
## Cache variables. ##
## ---------------- ##

ac_cv_build=sparc-sun-solaris2.8
ac_cv_c_compiler_gnu=yes
ac_cv_cxx_compiler_gnu=yes
ac_cv_env_CCC_set=
ac_cv_env_CCC_value=
ac_cv_env_CC_set=
ac_cv_env_CC_value=
ac_cv_env_CFLAGS_set=
ac_cv_env_CFLAGS_value=
ac_cv_env_CPPFLAGS_set=
ac_cv_env_CPPFLAGS_value=
ac_cv_env_CPP_set=
ac_cv_env_CPP_value=
ac_cv_env_CXXCPP_set=
ac_cv_env_CXXCPP_value=
ac_cv_env_CXXFLAGS_set=
ac_cv_env_CXXFLAGS_value=
ac_cv_env_CXX_set=
ac_cv_env_CXX_value=
ac_cv_env_LDFLAGS_set=
ac_cv_env_LDFLAGS_value=
ac_cv_env_XMKMF_set=
ac_cv_env_XMKMF_value=
ac_cv_env_build_alias_set=
ac_cv_env_build_alias_value=
ac_cv_env_host_alias_set=
ac_cv_env_host_alias_value=
ac_cv_env_target_alias_set=
ac_cv_env_target_alias_value=
ac_cv_func_connect=no
ac_cv_func_gethostbyname=no
ac_cv_func_remove=yes
ac_cv_func_shmat=yes
ac_cv_have_x='have_x=yes	ac_x_includes='\''/usr/openwin/include'\''	ac_x_libraries='\''/usr/openwin/lib'\'''
ac_cv_header_GL_gl_h=yes
ac_cv_header_inttypes_h=yes
ac_cv_header_memory_h=yes
ac_cv_header_stdc=no
ac_cv_header_stdint_h=no
ac_cv_header_stdlib_h=yes
ac_cv_header_string_h=yes
ac_cv_header_strings_h=yes
ac_cv_header_sys_stat_h=yes
ac_cv_header_sys_types_h=yes
ac_cv_header_unistd_h=yes
ac_cv_header_windows_h=no
ac_cv_host=sparc-sun-solaris2.8
ac_cv_lib_GL_glNewList=yes
ac_cv_lib_ICE_IceConnectionNumber=yes
ac_cv_lib_audio_ALopenport=no
ac_cv_lib_c_r_pthread_exit=no
ac_cv_lib_dl_dlclose=yes
ac_cv_lib_nsl_gethostbyname=yes
ac_cv_lib_pthread_pthread_create=yes
ac_cv_lib_socket_connect=yes
ac_cv_objext=o
ac_cv_path_EGREP='/disk01/misc/bin/grep -E'
ac_cv_path_GREP=/disk01/misc/bin/grep
ac_cv_prog_AWK=gawk
ac_cv_prog_CPP='gcc -E'
ac_cv_prog_CXXCPP='g++ -E'
ac_cv_prog_ac_ct_CC=gcc
ac_cv_prog_ac_ct_CXX=g++
ac_cv_prog_ac_ct_RANLIB=ranlib
ac_cv_prog_cc_c89=
ac_cv_prog_cc_g=yes
ac_cv_prog_cxx_g=yes
ac_cv_prog_make_make_set=yes
am_cv_CC_dependencies_compiler_type=gcc3
am_cv_CXX_dependencies_compiler_type=gcc3

## ----------------- ##
## Output variables. ##
## ----------------- ##

ACLOCAL='${SHELL} /home/team02/phipo/DEV/3d/plib/plib-1.8.5/missing --run aclocal-1.9'
AMDEPBACKSLASH='\'
AMDEP_FALSE='#'
AMDEP_TRUE=''
AMTAR='${SHELL} /home/team02/phipo/DEV/3d/plib/plib-1.8.5/missing --run tar'
AUTOCONF='${SHELL} /home/team02/phipo/DEV/3d/plib/plib-1.8.5/missing --run autoconf'
AUTOHEADER='${SHELL} /home/team02/phipo/DEV/3d/plib/plib-1.8.5/missing --run autoheader'
AUTOMAKE='${SHELL} /home/team02/phipo/DEV/3d/plib/plib-1.8.5/missing --run automake-1.9'
AWK='gawk'
BUILD_FNT_FALSE='#'
BUILD_FNT_TRUE=''
BUILD_JS_FALSE='#'
BUILD_JS_TRUE=''
BUILD_NET_FALSE='#'
BUILD_NET_TRUE=''
BUILD_PSL_FALSE='#'
BUILD_PSL_TRUE=''
BUILD_PUAUX_FALSE='#'
BUILD_PUAUX_TRUE=''
BUILD_PUI_FALSE='#'
BUILD_PUI_TRUE=''
BUILD_PW_FALSE='#'
BUILD_PW_TRUE=''
BUILD_SG_FALSE='#'
BUILD_SG_TRUE=''
BUILD_SL_FALSE='#'
BUILD_SL_TRUE=''
BUILD_SSGAUX_FALSE='#'
BUILD_SSGAUX_TRUE=''
BUILD_SSG_FALSE='#'
BUILD_SSG_TRUE=''
BUILD_UL_FALSE='#'
BUILD_UL_TRUE=''
CC='gcc'
CCDEPMODE='depmode=gcc3'
CFLAGS='-g -O2 -Wall'
CPP='gcc -E'
CPPFLAGS=' -I/home/team02/phipo/extra/Mesa/include'
CXX='g++'
CXXCPP='g++ -E'
CXXDEPMODE='depmode=gcc3'
CXXFLAGS='-g -O2 -Wall'
CYGPATH_W='echo'
DEFS='-DPACKAGE_NAME=\"\" -DPACKAGE_TARNAME=\"\" -DPACKAGE_VERSION=\"\" -DPACKAGE_STRING=\"\" -DPACKAGE_BUGREPORT=\"\" -DPACKAGE=\"plib\" -DVERSION=\"1.8.5\" -DHAVE_LIBPTHREAD=1 -DHAVE_LIBGL=1 -DHAVE_LIBDL=1 -DHAVE_SYS_TYPES_H=1 -DHAVE_SYS_STAT_H=1 -DHAVE_STDLIB_H=1 -DHAVE_STRING_H=1 -DHAVE_MEMORY_H=1 -DHAVE_STRINGS_H=1 -DHAVE_INTTYPES_H=1 -DHAVE_UNISTD_H=1'
DEPDIR='.deps'
ECHO_C=''
ECHO_N='-n'
ECHO_T=''
EGREP='/disk01/misc/bin/grep -E'
EXEEXT=''
GREP='/disk01/misc/bin/grep'
INSTALL_DATA='${INSTALL} -m 644'
INSTALL_PROGRAM='${INSTALL}'
INSTALL_SCRIPT='${INSTALL}'
INSTALL_STRIP_PROGRAM='${SHELL} $(install_sh) -c -s'
LDFLAGS=' -L/home/team02/phipo/extra/Mesa/lib  -L/usr/openwin/lib -R/usr/openwin/lib'
LIBOBJS=''
LIBS='-ldl -lGL -lpthread   -lSM -lICE -lXi -lXmu -lXext -lX11 -lsocket  -lnsl -lm'
LTLIBOBJS=''
MAKEINFO='${SHELL} /home/team02/phipo/DEV/3d/plib/plib-1.8.5/missing --run makeinfo'
OBJEXT='o'
PACKAGE='plib'
PACKAGE_BUGREPORT=''
PACKAGE_NAME=''
PACKAGE_STRING=''
PACKAGE_TARNAME=''
PACKAGE_VERSION=''
PATH_SEPARATOR=':'
RANLIB='ranlib'
SET_MAKE=''
SHELL='/bin/bash'
STRIP=''
VERSION='1.8.5'
XMKMF=''
X_CFLAGS=' -I/usr/openwin/include'
X_EXTRA_LIBS='-lsocket  -lnsl'
X_LIBS=' -L/usr/openwin/lib -R/usr/openwin/lib'
X_PRE_LIBS=' -lSM -lICE'
ac_ct_CC='gcc'
ac_ct_CXX='g++'
am__fastdepCC_FALSE='#'
am__fastdepCC_TRUE=''
am__fastdepCXX_FALSE='#'
am__fastdepCXX_TRUE=''
am__include='include'
am__leading_dot='.'
am__quote=''
am__tar='${AMTAR} chof - "$$tardir"'
am__untar='${AMTAR} xf -'
bindir='${exec_prefix}/bin'
build='sparc-sun-solaris2.8'
build_alias=''
build_cpu='sparc'
build_os='solaris2.8'
build_vendor='sun'
datadir='${datarootdir}'
datarootdir='${prefix}/share'
docdir='${datarootdir}/doc/${PACKAGE}'
dvidir='${docdir}'
exec_prefix='${prefix}'
host='sparc-sun-solaris2.8'
host_alias=''
host_cpu='sparc'
host_os='solaris2.8'
host_vendor='sun'
htmldir='${docdir}'
includedir='${prefix}/include/plib'
infodir='${datarootdir}/info'
install_sh='/home/team02/phipo/DEV/3d/plib/plib-1.8.5/install-sh'
libdir='${exec_prefix}/lib'
libexecdir='${exec_prefix}/libexec'
localedir='${datarootdir}/locale'
localstatedir='${prefix}/var'
mandir='${datarootdir}/man'
mkdir_p='$(install_sh) -d'
oldincludedir='/usr/include'
pdfdir='${docdir}'
prefix='/usr'
program_transform_name='s,x,x,'
psdir='${docdir}'
sbindir='${exec_prefix}/sbin'
sharedstatedir='${prefix}/com'
sysconfdir='${prefix}/etc'
target_alias=''

## ----------- ##
## confdefs.h. ##
## ----------- ##

#define PACKAGE_NAME ""
#define PACKAGE_TARNAME ""
#define PACKAGE_VERSION ""
#define PACKAGE_STRING ""
#define PACKAGE_BUGREPORT ""
#define PACKAGE "plib"
#define VERSION "1.8.5"
#define HAVE_LIBPTHREAD 1
#define HAVE_LIBGL 1
#define HAVE_LIBDL 1
#define HAVE_SYS_TYPES_H 1
#define HAVE_SYS_STAT_H 1
#define HAVE_STDLIB_H 1
#define HAVE_STRING_H 1
#define HAVE_MEMORY_H 1
#define HAVE_STRINGS_H 1
#define HAVE_INTTYPES_H 1
#define HAVE_UNISTD_H 1

configure: exit 0
